Error with Permissions-Policy header: Unrecognized feature: 'interest-cohort'.
(index):313 Service Worker: registered
(index):229 A Perfectly Good Heart, /TS/taylor%20swift/2006/10/24/A-Perfectly-Good-Heart/
(index):229 A Place In This World, /TS/taylor%20swift/2006/10/24/A-Place-In-This-World/
(index):229 Cold As You, /TS/taylor%20swift/2006/10/24/Cold-As-You/
(index):229 Invisible, /TS/taylor%20swift/2006/10/24/Invisible/
(index):229 I’m Only Me When I’m with You, /TS/taylor%20swift/2006/10/24/I-m-Only-Me-When-I-m-with-You/
(index):229 Mary’s Song (Oh My My My), /TS/taylor%20swift/2006/10/24/Mary-s-Song-(Oh-My-My-My)/
(index):229 Our Song, /TS/taylor%20swift/2006/10/24/Our-Song/
(index):229 Picture To Burn, /TS/taylor%20swift/2006/10/24/Picture-To-Burn/
(index):229 Should've Said No, /TS/taylor%20swift/2006/10/24/Should've-Said-No/
(index):229 Stay Beautiful, /TS/taylor%20swift/2006/10/24/Stay-Beautiful/
(index):229 Teardrops On My Guitar, /TS/taylor%20swift/2006/10/24/Teardrops-On-My-Guitar/
(index):229 The Outside, /TS/taylor%20swift/2006/10/24/The-Outside/
(index):229 Tied Together With A Smile, /TS/taylor%20swift/2006/10/24/Tied-Together-With-A-Smile/
(index):229 Tim McGraw, /TS/taylor%20swift/2006/10/24/Tim-McGraw/
(index):229 Best Days of Your Life, /TS/single/2008/09/30/Best-Days-of-Your-Life/
(index):229 Breathe, /TS/fearless%20(taylor%E2%80%99s%20version)/2008/11/11/Breathe/
(index):229 Bye Bye Baby, /TS/fearless%20(taylor%E2%80%99s%20version)/2008/11/11/Bye-Bye-Baby/
(index):229 Change, /TS/fearless%20(taylor%E2%80%99s%20version)/2008/11/11/Change/
(index):229 Come In With the Rain, /TS/fearless%20(taylor%E2%80%99s%20version)/2008/11/11/Come-In-With-the-Rain/
(index):229 Don’t You, /TS/fearless%20(taylor%E2%80%99s%20version)/2008/11/11/Don-t-You/
(index):229 Fearless, /TS/fearless%20(taylor%E2%80%99s%20version)/2008/11/11/Fearless/
(index):229 Fifteen, /TS/fearless%20(taylor%E2%80%99s%20version)/2008/11/11/Fifteen/
(index):229 Forever & Always, /TS/fearless%20(taylor%E2%80%99s%20version)/2008/11/11/Forever-&-Always/
(index):229 Hey Stephen, /TS/fearless%20(taylor%E2%80%99s%20version)/2008/11/11/Hey-Stephen/
(index):229 Jump Then Fall, /TS/fearless%20(taylor%E2%80%99s%20version)/2008/11/11/Jump-Then-Fall/
(index):229 Love Story, /TS/fearless%20(taylor%E2%80%99s%20version)/2008/11/11/Love-Story/
(index):229 Mr. Perfectly Fine, /TS/fearless%20(taylor%E2%80%99s%20version)/2008/11/11/Mr.-Perfectly-Fine/
(index):229 Superstar, /TS/fearless%20(taylor%E2%80%99s%20version)/2008/11/11/Superstar/
(index):229 Tell Me Why, /TS/fearless%20(taylor%E2%80%99s%20version)/2008/11/11/Tell-Me-Why/
(index):229 That’s When, /TS/fearless%20(taylor%E2%80%99s%20version)/2008/11/11/That-s-When/
(index):229 The Best Day, /TS/fearless%20(taylor%E2%80%99s%20version)/2008/11/11/The-Best-Day/
(index):229 The Other Side of the Door, /TS/fearless%20(taylor%E2%80%99s%20version)/2008/11/11/The-Other-Side-of-the-Door/
(index):229 The Way I Loved You, /TS/fearless%20(taylor%E2%80%99s%20version)/2008/11/11/The-Way-I-Loved-You/
(index):229 Today Was a Fairytale, /TS/fearless%20(taylor%E2%80%99s%20version)/2008/11/11/Today-Was-a-Fairytale/
(index):229 Untouchable, /TS/fearless%20(taylor%E2%80%99s%20version)/2008/11/11/Untouchable/
(index):229 We Were Happy, /TS/fearless%20(taylor%E2%80%99s%20version)/2008/11/11/We-Were-Happy/
(index):229 White Horse, /TS/fearless%20(taylor%E2%80%99s%20version)/2008/11/11/White-Horse/
(index):229 You All Over Me, /TS/fearless%20(taylor%E2%80%99s%20version)/2008/11/11/You-All-Over-Me/
(index):229 You Belong With Me, /TS/fearless%20(taylor%E2%80%99s%20version)/2008/11/11/You-Belong-With-Me/
(index):229 You’re Not Sorry, /TS/fearless%20(taylor%E2%80%99s%20version)/2008/11/11/You-re-Not-Sorry/
(index):229 Crazier, /TS/single/2009/03/20/Crazier/
(index):229 Back to December, /TS/speak%20now%20(deluxe)/2010/10/25/Back-to-December/
(index):229 Better Than Revenge, /TS/speak%20now%20(deluxe)/2010/10/25/Better-Than-Revenge/
(index):229 Dear John, /TS/speak%20now%20(deluxe)/2010/10/25/Dear-John/
(index):229 Enchanted, /TS/speak%20now%20(deluxe)/2010/10/25/Enchanted/
(index):229 Haunted, /TS/speak%20now%20(deluxe)/2010/10/25/Haunted/
(index):229 If This Was a Movie, /TS/speak%20now%20(deluxe)/2010/10/25/If-This-Was-a-Movie/
(index):229 Innocent, /TS/speak%20now%20(deluxe)/2010/10/25/Innocent/
(index):229 Last Kiss, /TS/speak%20now%20(deluxe)/2010/10/25/Last-Kiss/
(index):229 Long Live, /TS/speak%20now%20(deluxe)/2010/10/25/Long-Live/
(index):229 Mean, /TS/speak%20now%20(deluxe)/2010/10/25/Mean/
(index):229 Mine, /TS/speak%20now%20(deluxe)/2010/10/25/Mine/
(index):229 Never Grow Up, /TS/speak%20now%20(deluxe)/2010/10/25/Never-Grow-Up/
(index):229 Ours, /TS/speak%20now%20(deluxe)/2010/10/25/Ours/
(index):229 Sparks Fly, /TS/speak%20now%20(deluxe)/2010/10/25/Sparks-Fly/
(index):229 Speak Now, /TS/speak%20now%20(deluxe)/2010/10/25/Speak-Now/
(index):229 Superman, /TS/speak%20now%20(deluxe)/2010/10/25/Superman/
(index):229 The Story of Us, /TS/speak%20now%20(deluxe)/2010/10/25/The-Story-of-Us/
(index):229 Safe & Sound, /TS/single/2011/12/26/Safe-&-Sound/
(index):229 Both of Us, /TS/single/2012/03/22/Both-of-Us/
(index):229 All Too Well (10 Minute Version), /TS/red%20(taylor%E2%80%99s%20version)/2012/10/22/All-Too-Well-(10-Minute-Version)/
(index):229 All Too Well, /TS/red%20(taylor%E2%80%99s%20version)/2012/10/22/All-Too-Well/
(index):229 Babe, /TS/red%20(taylor%E2%80%99s%20version)/2012/10/22/Babe/
(index):229 Begin Again, /TS/red%20(taylor%E2%80%99s%20version)/2012/10/22/Begin-Again/
(index):229 Better Man, /TS/red%20(taylor%E2%80%99s%20version)/2012/10/22/Better-Man/
(index):229 Come Back... Be Here, /TS/red%20(taylor%E2%80%99s%20version)/2012/10/22/Come-Back/.-Be-Here/
(index):229 Everything Has Changed, /TS/red%20(taylor%E2%80%99s%20version)/2012/10/22/Everything-Has-Changed/
(index):229 Forever Winter, /TS/red%20(taylor%E2%80%99s%20version)/2012/10/22/Forever-Winter/
(index):229 Girl at Home, /TS/red%20(taylor%E2%80%99s%20version)/2012/10/22/Girl-at-Home/
(index):229 Holy Ground, /TS/red%20(taylor%E2%80%99s%20version)/2012/10/22/Holy-Ground/
(index):229 I Almost Do, /TS/red%20(taylor%E2%80%99s%20version)/2012/10/22/I-Almost-Do/
(index):229 I Bet You Think About Me, /TS/red%20(taylor%E2%80%99s%20version)/2012/10/22/I-Bet-You-Think-About-Me/
(index):229 I Knew You Were Trouble, /TS/red%20(taylor%E2%80%99s%20version)/2012/10/22/I-Knew-You-Were-Trouble/
(index):229 Message In A Bottle, /TS/red%20(taylor%E2%80%99s%20version)/2012/10/22/Message-In-A-Bottle/
(index):229 Nothing New, /TS/red%20(taylor%E2%80%99s%20version)/2012/10/22/Nothing-New/
(index):229 Red, /TS/red%20(taylor%E2%80%99s%20version)/2012/10/22/Red/
(index):229 Ronan, /TS/red%20(taylor%E2%80%99s%20version)/2012/10/22/Ronan/
(index):229 Run, /TS/red%20(taylor%E2%80%99s%20version)/2012/10/22/Run/
(index):229 Sad Beautiful Tragic, /TS/red%20(taylor%E2%80%99s%20version)/2012/10/22/Sad-Beautiful-Tragic/
(index):229 Starlight, /TS/red%20(taylor%E2%80%99s%20version)/2012/10/22/Starlight/
(index):229 State of Grace, /TS/red%20(taylor%E2%80%99s%20version)/2012/10/22/State-of-Grace/
(index):229 Stay Stay Stay, /TS/red%20(taylor%E2%80%99s%20version)/2012/10/22/Stay-Stay-Stay/
(index):229 The Last Time, /TS/red%20(taylor%E2%80%99s%20version)/2012/10/22/The-Last-Time/
(index):229 The Lucky One, /TS/red%20(taylor%E2%80%99s%20version)/2012/10/22/The-Lucky-One/
(index):229 The Moment I Knew, /TS/red%20(taylor%E2%80%99s%20version)/2012/10/22/The-Moment-I-Knew/
(index):229 The Very First Night, /TS/red%20(taylor%E2%80%99s%20version)/2012/10/22/The-Very-First-Night/
(index):229 Treacherous, /TS/red%20(taylor%E2%80%99s%20version)/2012/10/22/Treacherous/
(index):229 Twenty Two, /TS/red%20(taylor%E2%80%99s%20version)/2012/10/22/Twenty-Two/
(index):229 We Are Never Ever Getting Back Together, /TS/red%20(taylor%E2%80%99s%20version)/2012/10/22/We-Are-Never-Ever-Getting-Back-Together/
(index):229 Highway Don't Care, /TS/single/2013/03/25/Highway-Don't-Care/
(index):229 All You Had to Do Was Stay, /TS/1989%20(deluxe)/2014/10/27/All-You-Had-to-Do-Was-Stay/
(index):229 Bad Blood, /TS/1989%20(deluxe)/2014/10/27/Bad-Blood/
(index):229 Blank Space, /TS/1989%20(deluxe)/2014/10/27/Blank-Space/
(index):229 Clean, /TS/1989%20(deluxe)/2014/10/27/Clean/
(index):229 How You Get the Girl, /TS/1989%20(deluxe)/2014/10/27/How-You-Get-the-Girl/
(index):229 I Know Places, /TS/1989%20(deluxe)/2014/10/27/I-Know-Places/
(index):229 I Wish You Would, /TS/1989%20(deluxe)/2014/10/27/I-Wish-You-Would/
(index):229 New Romantics, /TS/1989%20(deluxe)/2014/10/27/New-Romantics/
(index):229 Out of the Woods, /TS/1989%20(deluxe)/2014/10/27/Out-of-the-Woods/
(index):229 Shake It Off, /TS/1989%20(deluxe)/2014/10/27/Shake-It-Off/
(index):229 Style, /TS/1989%20(deluxe)/2014/10/27/Style/
(index):229 This Love, /TS/1989%20(deluxe)/2014/10/27/This-Love/
(index):229 Welcome to New York, /TS/1989%20(deluxe)/2014/10/27/Welcome-to-New-York/
(index):229 Wildest Dreams, /TS/1989%20(deluxe)/2014/10/27/Wildest-Dreams/
(index):229 Wonderland, /TS/1989%20(deluxe)/2014/10/27/Wonderland/
(index):229 You Are in Love, /TS/1989%20(deluxe)/2014/10/27/You-Are-in-Love/
(index):229 I Don't Wanna Live Forever, /TS/single/2016/12/09/I-Don't-Wanna-Live-Forever/
(index):229 Call It What You Want, /TS/reputation/2017/11/10/Call-It-What-You-Want/
(index):229 Dancing with Our Hands Tied, /TS/reputation/2017/11/10/Dancing-with-Our-Hands-Tied/
(index):229 Delicate, /TS/reputation/2017/11/10/Delicate/
(index):229 Don’t Blame Me, /TS/reputation/2017/11/10/Don-t-Blame-Me/
(index):229 Dress, /TS/reputation/2017/11/10/Dress/
(index):229 End Game, /TS/reputation/2017/11/10/End-Game/
(index):229 Getaway Car, /TS/reputation/2017/11/10/Getaway-Car/
(index):229 Gorgeous, /TS/reputation/2017/11/10/Gorgeous/
(index):229 I Did Something Bad, /TS/reputation/2017/11/10/I-Did-Something-Bad/
(index):229 King of My Heart, /TS/reputation/2017/11/10/King-of-My-Heart/
(index):229 Look What You Made Me Do, /TS/reputation/2017/11/10/Look-What-You-Made-Me-Do/
(index):229 New Year’s Day, /TS/reputation/2017/11/10/New-Year-s-Day/
(index):229 Ready for It, /TS/reputation/2017/11/10/Ready-for-It/
(index):229 So It Goes..., /TS/reputation/2017/11/10/So-It-Goes/
(index):229 This Is Why We Can’t Have Nice Things, /TS/reputation/2017/11/10/This-Is-Why-We-Can-t-Have-Nice-Things/
(index):229 Afterglow, /TS/lover/2019/08/23/Afterglow/
(index):229 Cornelia Street, /TS/lover/2019/08/23/Cornelia-Street/
(index):229 Cruel Summer, /TS/lover/2019/08/23/Cruel-Summer/
(index):229 Daylight, /TS/lover/2019/08/23/Daylight/
(index):229 Death by a Thousand Cuts, /TS/lover/2019/08/23/Death-by-a-Thousand-Cuts/
(index):229 False God, /TS/lover/2019/08/23/False-God/
(index):229 I Forgot That You Existed, /TS/lover/2019/08/23/I-Forgot-That-You-Existed/
(index):229 I Think He Knows, /TS/lover/2019/08/23/I-Think-He-Knows/
(index):229 It’s Nice to Have a Friend, /TS/lover/2019/08/23/It-s-Nice-to-Have-a-Friend/
(index):229 London Boy, /TS/lover/2019/08/23/London-Boy/
(index):229 Lover, /TS/lover/2019/08/23/Lover/
(index):229 ME, /TS/lover/2019/08/23/ME/
(index):229 Miss Americana & The Heartbreak Prince, /TS/lover/2019/08/23/Miss-Americana-&-The-Heartbreak-Prince/
(index):229 Paper Rings, /TS/lover/2019/08/23/Paper-Rings/
(index):229 Soon You’ll Get Better, /TS/lover/2019/08/23/Soon-You-ll-Get-Better/
(index):229 The Archer, /TS/lover/2019/08/23/The-Archer/
(index):229 The Man, /TS/lover/2019/08/23/The-Man/
(index):229 You Need To Calm Down, /TS/lover/2019/08/23/You-Need-To-Calm-Down/
(index):229 Christmas Tree Farm, /TS/single/2019/12/06/Christmas-Tree-Farm/
(index):229 august, /TS/folklore%20(deluxe%20version)/2020/07/24/august/
(index):229 cardigan, /TS/folklore%20(deluxe%20version)/2020/07/24/cardigan/
(index):229 hoax, /TS/folklore%20(deluxe%20version)/2020/07/24/hoax/
(index):229 my tears ricochet, /TS/folklore%20(deluxe%20version)/2020/07/24/my-tears-ricochet/
(index):229 seven, /TS/folklore%20(deluxe%20version)/2020/07/24/seven/
(index):229 the 1, /TS/folklore%20(deluxe%20version)/2020/07/24/the-1/
(index):229 this is me trying, /TS/folklore%20(deluxe%20version)/2020/07/24/this-is-me-trying/
(index):229 ​betty, /TS/folklore%20(deluxe%20version)/2020/07/24/betty/
(index):229 ​epiphany, /TS/folklore%20(deluxe%20version)/2020/07/24/epiphany/
(index):229 ​exile, /TS/folklore%20(deluxe%20version)/2020/07/24/exile/
(index):229 ​illicit affairs, /TS/folklore%20(deluxe%20version)/2020/07/24/illicit-affairs/
(index):229 ​invisible string, /TS/folklore%20(deluxe%20version)/2020/07/24/invisible-string/
(index):229 ​mad woman, /TS/folklore%20(deluxe%20version)/2020/07/24/mad-woman/
(index):229 ​mirrorball, /TS/folklore%20(deluxe%20version)/2020/07/24/mirrorball/
(index):229 ​peace, /TS/folklore%20(deluxe%20version)/2020/07/24/peace/
(index):229 ​the lakes, /TS/folklore%20(deluxe%20version)/2020/07/24/the-lakes/
(index):229 ​the last great american dynasty, /TS/folklore%20(deluxe%20version)/2020/07/24/the-last-great-american-dynasty/
(index):229 champagne problems, /TS/evermore%20(deluxe%20version)/2020/12/11/champagne-problems/
(index):229 cowboy like me, /TS/evermore%20(deluxe%20version)/2020/12/11/cowboy-like-me/
(index):229 willow, /TS/evermore%20(deluxe%20version)/2020/12/11/willow/
(index):229 ​closure, /TS/evermore%20(deluxe%20version)/2020/12/11/closure/
(index):229 ​coney island, /TS/evermore%20(deluxe%20version)/2020/12/11/coney-island/
(index):229 ​dorothea, /TS/evermore%20(deluxe%20version)/2020/12/11/dorothea/
(index):229 ​evermore, /TS/evermore%20(deluxe%20version)/2020/12/11/evermore/
(index):229 ​gold rush, /TS/evermore%20(deluxe%20version)/2020/12/11/gold-rush/
(index):229 ​happiness, /TS/evermore%20(deluxe%20version)/2020/12/11/happiness/
(index):229 ​it’s time to go, /TS/evermore%20(deluxe%20version)/2020/12/11/it-s-time-to-go/
(index):229 ​ivy, /TS/evermore%20(deluxe%20version)/2020/12/11/ivy/
(index):229 ​l​ong story short, /TS/evermore%20(deluxe%20version)/2020/12/11/l-ong-story-short/
(index):229 ​marjorie, /TS/evermore%20(deluxe%20version)/2020/12/11/marjorie/
(index):229 ​no body, no crime, /TS/evermore%20(deluxe%20version)/2020/12/11/no-body,-no-crime/
(index):229 ​r​ight where you left me, /TS/evermore%20(deluxe%20version)/2020/12/11/r-ight-where-you-left-me/
(index):229 ​tolerate it, /TS/evermore%20(deluxe%20version)/2020/12/11/tolerate-it/
(index):229 ​’tis the damn season, /TS/evermore%20(deluxe%20version)/2020/12/11/tis-the-damn-season/
(index):229 Albums, /TS/albums/
(index):229 Facets, /TS/facets/
(index):229 Taylor Swift Songs, /TS/
(index):229 Search, /TS/search/
